{"/Users/sergejavdienko/Desktop/JS/design-software/domain/svg/attributes/Color.js": {"path":"/Users/sergejavdienko/Desktop/JS/design-software/domain/svg/attributes/Color.js","statementMap":{"0":{"start":{"line":4,"column":12},"end":{"line":10,"column":3}},"1":{"start":{"line":14,"column":4},"end":{"line":14,"column":21}},"2":{"start":{"line":18,"column":4},"end":{"line":24,"column":5}},"3":{"start":{"line":19,"column":6},"end":{"line":19,"column":41}},"4":{"start":{"line":21,"column":6},"end":{"line":23,"column":7}}},"fnMap":{"0":{"name":"(anonymous_0)","decl":{"start":{"line":13,"column":2},"end":{"line":13,"column":3}},"loc":{"start":{"line":13,"column":20},"end":{"line":15,"column":3}},"line":13},"1":{"name":"(anonymous_1)","decl":{"start":{"line":17,"column":2},"end":{"line":17,"column":3}},"loc":{"start":{"line":17,"column":8},"end":{"line":25,"column":3}},"line":17}},"branchMap":{},"s":{"0":1,"1":1,"2":0,"3":0,"4":0},"f":{"0":1,"1":0},"b":{},"_coverageSchema":"1a1c01bbd47fc00a2c39e90264f33305004495a9","hash":"684a1a58925cefdd26f64e3d31682299eba1d5e8"}
}
